<?xml version="1.0" encoding="UTF-8"?>
<!-- Generated by org.testng.reporters.JUnitXMLReporter -->
<testsuite hostname="LHTU05CG6422NZD" ignored="0" name="NSF Test Suite" tests="1" failures="0" timestamp="30 Jul 2019 07:59:11 GMT" time="1.055" errors="0">
  <testcase name="@BeforeClass setUpClass" time="1.009" classname="cucumber.api.testng.AbstractTestNGCucumberTests">
    <failure type="cucumber.runtime.DuplicateStepDefinitionException" message="Duplicate step definitions in stepDefinitions.Step_ClinicalMassEditLayoutandfunctionality.Clinical_search_screen_is_displayed() in file:/C:/Users/hn1001/workspace/NSF_UI/target/test-classes/ and stepDefinitions.Step_ExportResultsLayoutandFunctionality.Clinical_search_screen_is_displayed() in file:/C:/Users/hn1001/workspace/NSF_UI/target/test-classes/">
      <![CDATA[cucumber.runtime.DuplicateStepDefinitionException: Duplicate step definitions in stepDefinitions.Step_ClinicalMassEditLayoutandfunctionality.Clinical_search_screen_is_displayed() in file:/C:/Users/hn1001/workspace/NSF_UI/target/test-classes/ and stepDefinitions.Step_ExportResultsLayoutandFunctionality.Clinical_search_screen_is_displayed() in file:/C:/Users/hn1001/workspace/NSF_UI/target/test-classes/
	at cucumber.runtime.RuntimeGlue.addStepDefinition(RuntimeGlue.java:33)
	at cucumber.runtime.java.JavaBackend.addStepDefinition(JavaBackend.java:151)
	at cucumber.runtime.java.MethodScanner.scan(MethodScanner.java:68)
	at cucumber.runtime.java.MethodScanner.scan(MethodScanner.java:41)
	at cucumber.runtime.java.JavaBackend.loadGlue(JavaBackend.java:86)
	at cucumber.runtime.Runtime.<init>(Runtime.java:92)
	at cucumber.runtime.Runtime.<init>(Runtime.java:70)
	at cucumber.runtime.Runtime.<init>(Runtime.java:66)
	at cucumber.api.testng.TestNGCucumberRunner.<init>(TestNGCucumberRunner.java:42)
	at cucumber.api.testng.AbstractTestNGCucumberTests.setUpClass(AbstractTestNGCucumberTests.java:16)
... Removed 25 stack frames]]>
    </failure>
  </testcase> <!-- @BeforeClass setUpClass -->
  <testcase name="@AfterClass teardown" time="0.0" classname="runners.Runner_SecurityRole">
    <skipped/>
  </testcase> <!-- @AfterClass teardown -->
  <testcase name="@AfterClass tearDownClass" time="0.0" classname="cucumber.api.testng.AbstractTestNGCucumberTests">
    <failure type="java.lang.NullPointerException">
      <![CDATA[java.lang.NullPointerException
	at cucumber.api.testng.AbstractTestNGCucumberTests.tearDownClass(AbstractTestNGCucumberTests.java:34)
... Removed 25 stack frames]]>
    </failure>
  </testcase> <!-- @AfterClass tearDownClass -->
  <testcase name="feature" time="0.0" classname="cucumber.api.testng.AbstractTestNGCucumberTests">
    <skipped/>
  </testcase> <!-- feature -->
</testsuite> <!-- NSF Test Suite -->
